2024-10-13 15:17:50,225 - DEBUG - This is a test log message
2024-10-13 15:17:50,225 - INFO - Starting application
2024-10-13 15:17:50,254 - INFO - Creating main window
2024-10-13 15:17:50,256 - DEBUG - Initializing DUO_ToolKit
2024-10-13 15:17:50,256 - DEBUG - Creating central widget
2024-10-13 15:17:50,256 - DEBUG - Setting up main layout
2024-10-13 15:17:50,257 - DEBUG - Creating CustomTabWidget
2024-10-13 15:17:50,278 - DEBUG - Setting tab widget style
2024-10-13 15:17:50,278 - DEBUG - Adding tab widget to main layout
2024-10-13 15:17:50,279 - DEBUG - Adding home tab
2024-10-13 15:17:50,279 - INFO - Adding home tab
2024-10-13 15:17:50,279 - INFO - Initializing HomePage
2024-10-13 15:17:50,279 - INFO - Tool descriptions loaded successfully
2024-10-13 15:17:50,291 - INFO - Mouse left tool button, resetting intro
2024-10-13 15:17:50,311 - DEBUG - DUO_ToolKit initialization complete
2024-10-13 15:17:50,311 - INFO - Showing main window
2024-10-13 15:17:50,375 - INFO - Entering main event loop
2024-10-13 15:17:53,745 - INFO - Mouse entered tool button: 工具2
2024-10-13 15:17:53,945 - INFO - Mouse left tool button, resetting intro
2024-10-13 15:17:54,221 - INFO - Mouse entered tool button: Log Type Convert
2024-10-13 15:17:54,589 - INFO - Mouse left tool button, resetting intro
2024-10-13 15:17:54,613 - INFO - Mouse entered tool button: 工具2
2024-10-13 15:17:54,625 - INFO - Mouse left tool button, resetting intro
2024-10-13 15:18:12,239 - INFO - Mouse entered tool button: Log Type Convert
2024-10-13 15:18:12,971 - INFO - Tool button clicked: Log Type Convert
2024-10-13 15:18:12,971 - INFO - Opening tool: Log Type Convert
2024-10-13 15:18:13,005 - INFO - Initializing Tool1
2024-10-13 15:18:13,005 - INFO - Setting up UI
2024-10-13 15:18:13,007 - INFO - Generated time options
2024-10-13 15:18:13,008 - INFO - Generated time options
2024-10-13 15:18:13,008 - INFO - Generated time options
2024-10-13 15:18:13,060 - INFO - Mouse left tool button, resetting intro
2024-10-13 15:18:13,075 - INFO - Created new tab for Log Type Convert
